<?xml version="1.0" encoding="UTF-8"?>
<testng-results skipped="0" failed="0" ignored="0" total="3" passed="3">
  <reporter-output>
  </reporter-output>
  <suite name="CRM Regression Test Suite" duration-ms="37567" started-at="2017-09-02T04:40:04Z" finished-at="2017-09-02T04:40:42Z">
    <groups>
    </groups>
    <test name="Admin Test" duration-ms="37567" started-at="2017-09-02T04:40:04Z" finished-at="2017-09-02T04:40:42Z">
      <class name="com.crm.testscripts.AdminTests">
        <test-method status="PASS" signature="init()[pri:0, instance:com.crm.testscripts.AdminTests@180bc464]" name="init" is-config="true" duration-ms="7389" started-at="2017-09-02T10:10:04Z" finished-at="2017-09-02T10:10:12Z">
          <reporter-output>
          </reporter-output>
        </test-method> <!-- init -->
        <test-method status="PASS" signature="createAccountsWithValidData()[pri:0, instance:com.crm.testscripts.AdminTests@180bc464]" name="createAccountsWithValidData" duration-ms="25187" started-at="2017-09-02T10:10:12Z" description="create account with valid data" finished-at="2017-09-02T10:10:37Z">
          <reporter-output>
          </reporter-output>
        </test-method> <!-- createAccountsWithValidData -->
        <test-method status="PASS" signature="editAccountWithValidData()[pri:0, instance:com.crm.testscripts.AdminTests@180bc464]" name="editAccountWithValidData" duration-ms="4621" started-at="2017-09-02T10:10:37Z" description="edit created account with valid data" finished-at="2017-09-02T10:10:41Z">
          <reporter-output>
          </reporter-output>
        </test-method> <!-- editAccountWithValidData -->
        <test-method status="PASS" signature="removeCreateAccount()[pri:0, instance:com.crm.testscripts.AdminTests@180bc464]" name="removeCreateAccount" duration-ms="336" started-at="2017-09-02T10:10:41Z" description="Remove the created account" finished-at="2017-09-02T10:10:42Z">
          <reporter-output>
          </reporter-output>
        </test-method> <!-- removeCreateAccount -->
      </class> <!-- com.crm.testscripts.AdminTests -->
    </test> <!-- Admin Test -->
  </suite> <!-- CRM Regression Test Suite -->
</testng-results>
