<?xml version="1.0" encoding="UTF-8"?>
<!-- Generated by org.testng.reporters.JUnitXMLReporter -->
<testsuite hostname="shiva" ignored="0" name="Admin Test" tests="3" failures="0" timestamp="02 Sep 2017 04:40:42 GMT" time="37.567" errors="0">
  <testcase name="createAccountsWithValidData" time="25.187" classname="com.crm.testscripts.AdminTests"/>
  <testcase name="editAccountWithValidData" time="4.621" classname="com.crm.testscripts.AdminTests"/>
  <testcase name="removeCreateAccount" time="0.336" classname="com.crm.testscripts.AdminTests"/>
</testsuite> <!-- Admin Test -->
