<?xml version="1.0" encoding="UTF-8"?>
<!-- Generated by org.testng.reporters.JUnitXMLReporter -->
<testsuite hostname="shiva" ignored="0" name="Default test" tests="4" failures="0" timestamp="04 Sep 2017 16:03:45 GMT" time="44.051" errors="0">
  <testcase name="createAccountsWithValidData" time="24.873" classname="com.crm.testscripts.AdminTests"/>
  <testcase name="createContactsWithValidData" time="4.696" classname="com.crm.testscripts.AdminTests"/>
  <testcase name="editContactsWithValidateData" time="4.701" classname="com.crm.testscripts.AdminTests"/>
  <testcase name="removeCreateContact" time="0.326" classname="com.crm.testscripts.AdminTests"/>
</testsuite> <!-- Default test -->
