<?xml version="1.0" encoding="UTF-8"?>
<testng-results skipped="0" failed="0" ignored="0" total="4" passed="4">
  <reporter-output>
  </reporter-output>
  <suite name="Default suite" duration-ms="44051" started-at="2017-09-04T16:03:01Z" finished-at="2017-09-04T16:03:45Z">
    <groups>
    </groups>
    <test name="Default test" duration-ms="44051" started-at="2017-09-04T16:03:01Z" finished-at="2017-09-04T16:03:45Z">
      <class name="com.crm.testscripts.AdminTests">
        <test-method status="PASS" signature="init()[pri:0, instance:com.crm.testscripts.AdminTests@3bfdc050]" name="init" is-config="true" duration-ms="9421" started-at="2017-09-04T21:33:01Z" finished-at="2017-09-04T21:33:10Z">
          <reporter-output>
          </reporter-output>
        </test-method> <!-- init -->
        <test-method status="PASS" signature="createAccountsWithValidData()[pri:0, instance:com.crm.testscripts.AdminTests@3bfdc050]" name="createAccountsWithValidData" duration-ms="24873" started-at="2017-09-04T21:33:10Z" description="create account with valid data" finished-at="2017-09-04T21:33:35Z">
          <reporter-output>
          </reporter-output>
        </test-method> <!-- createAccountsWithValidData -->
        <test-method status="PASS" signature="createContactsWithValidData()[pri:3, instance:com.crm.testscripts.AdminTests@3bfdc050]" name="createContactsWithValidData" duration-ms="4696" started-at="2017-09-04T21:33:35Z" description="Create Contact with valid data" finished-at="2017-09-04T21:33:40Z">
          <reporter-output>
          </reporter-output>
        </test-method> <!-- createContactsWithValidData -->
        <test-method status="PASS" signature="editContactsWithValidateData()[pri:4, instance:com.crm.testscripts.AdminTests@3bfdc050]" name="editContactsWithValidateData" duration-ms="4701" started-at="2017-09-04T21:33:40Z" description="edit created contact with valid data" finished-at="2017-09-04T21:33:45Z">
          <reporter-output>
          </reporter-output>
        </test-method> <!-- editContactsWithValidateData -->
        <test-method status="PASS" signature="removeCreateContact()[pri:5, instance:com.crm.testscripts.AdminTests@3bfdc050]" name="removeCreateContact" duration-ms="326" started-at="2017-09-04T21:33:45Z" description="remove the created contact" finished-at="2017-09-04T21:33:45Z">
          <reporter-output>
          </reporter-output>
        </test-method> <!-- removeCreateContact -->
      </class> <!-- com.crm.testscripts.AdminTests -->
    </test> <!-- Default test -->
  </suite> <!-- Default suite -->
</testng-results>
